contato sem e-mail: 34516876
contato sem telefone: outro@fakemail.com
marcia: +1 756 555-3146, meu@fakemail.com
marcos: 998-776-554, marcos@marcos.com.br
OK
OK
Douglas: (21)2345-6789, doug@doug.com
marcos: 998-776-554, marcos@marcos.com.br
Douglas: (21)2345-6789, doug@doug.com
Nenhum registro encontrado para: Marcio
OK
OK
OK
OK
farmacia farmais: 2247-9687
farmacia pacheco: (21)2231-2255
farmacia pacheco: (21)2231-2255
Nenhum registro encontrado para: drogaria
OK
OK
contato sem telefone: outro@fakemail.com
daniel: +55 24 2222-2365
Heitor: +1 987 555-4433, hhh@doug.com
mercado multimix: (24) 2223-3221
